# JRE version: OpenJDK Runtime Environment (23.0.1+11) (build 23.0.1+11-39)
# Java VM: OpenJDK 64-Bit Server VM (23.0.1+11-39, mixed mode, emulated-client, sharing, tiered, compressed oops, compressed class ptrs, g1 gc, windows-amd64)
GC Precious Log:
 CardTable entry size: 512
 Card Set container configuration: InlinePtr #cards 4 size 8 Array Of Cards #cards 16 size 48 Howl #buckets 8 coarsen threshold 3686 Howl Bitmap #cards 512 size 80 coarsen threshold 460 Card regions per heap region 1 cards per card region 4096
 CPUs: 8 total, 8 available
 Memory: 14212M
 Large Page Support: Disabled
 NUMA Support: Disabled
 Compressed Oops: Enabled (Zero based)
 Heap Region Size: 2M
 Heap Min Capacity: 8M
 Heap Initial Capacity: 224M
 Heap Max Capacity: 3554M
 Pre-touch: Disabled
 Parallel Workers: 8
 Concurrent Workers: 2
 Concurrent Refinement Workers: 8
 Periodic GC: Disabled
Heap:
 garbage-first heap   total reserved 3639296K, committed 61440K, used 36645K [0x0000000721e00000, 0x0000000800000000)
  region size 2048K, 2 young (4096K), 1 survivors (2048K)
 Metaspace       used 68350K, committed 69248K, reserved 1114112K
  class space    used 10168K, committed 10560K, reserved 1048576K
GC Heap History (20 events):
Event: 40.471 GC heap before
{Heap before GC invocations=11 (full 0):
 garbage-first heap   total reserved 3639296K, committed 61440K, used 49259K [0x0000000721e00000, 0x0000000800000000)
  region size 2048K, 13 young (26624K), 2 survivors (4096K)
 Metaspace       used 46454K, committed 47104K, reserved 1114112K
  class space    used 6738K, committed 6976K, reserved 1048576K
}
Event: 40.481 GC heap after
{Heap after GC invocations=12 (full 0):
 garbage-first heap   total reserved 3639296K, committed 61440K, used 28335K [0x0000000721e00000, 0x0000000800000000)
  region size 2048K, 2 young (4096K), 2 survivors (4096K)
 Metaspace       used 46454K, committed 47104K, reserved 1114112K
  class space    used 6738K, committed 6976K, reserved 1048576K
}
Event: 45.154 GC heap before
{Heap before GC invocations=12 (full 0):
 garbage-first heap   total reserved 3639296K, committed 61440K, used 48815K [0x0000000721e00000, 0x0000000800000000)
  region size 2048K, 13 young (26624K), 2 survivors (4096K)
 Metaspace       used 51884K, committed 52480K, reserved 1114112K
  class space    used 7535K, committed 7808K, reserved 1048576K
}
Event: 45.164 GC heap after
{Heap after GC invocations=13 (full 0):
 garbage-first heap   total reserved 3639296K, committed 61440K, used 29610K [0x0000000721e00000, 0x0000000800000000)
  region size 2048K, 2 young (4096K), 2 survivors (4096K)
 Metaspace       used 51884K, committed 52480K, reserved 1114112K
  class space    used 7535K, committed 7808K, reserved 1048576K
}
Event: 54.168 GC heap before
{Heap before GC invocations=13 (full 0):
 garbage-first heap   total reserved 3639296K, committed 61440K, used 52138K [0x0000000721e00000, 0x0000000800000000)
  region size 2048K, 13 young (26624K), 2 survivors (4096K)
 Metaspace       used 55267K, committed 55872K, reserved 1114112K
  class space    used 8147K, committed 8384K, reserved 1048576K
}
Event: 54.174 GC heap after
{Heap after GC invocations=14 (full 0):
 garbage-first heap   total reserved 3639296K, committed 61440K, used 30163K [0x0000000721e00000, 0x0000000800000000)
  region size 2048K, 1 young (2048K), 1 survivors (2048K)
 Metaspace       used 55267K, committed 55872K, reserved 1114112K
  class space    used 8147K, committed 8384K, reserved 1048576K
}
Event: 59.828 GC heap before
{Heap before GC invocations=14 (full 0):
 garbage-first heap   total reserved 3639296K, committed 61440K, used 52691K [0x0000000721e00000, 0x0000000800000000)
  region size 2048K, 13 young (26624K), 1 survivors (2048K)
 Metaspace       used 59763K, committed 60480K, reserved 1114112K
  class space    used 8821K, committed 9152K, reserved 1048576K
}
Event: 59.836 GC heap after
{Heap after GC invocations=15 (full 0):
 garbage-first heap   total reserved 3639296K, committed 61440K, used 31454K [0x0000000721e00000, 0x0000000800000000)
  region size 2048K, 2 young (4096K), 2 survivors (4096K)
 Metaspace       used 59763K, committed 60480K, reserved 1114112K
  class space    used 8821K, committed 9152K, reserved 1048576K
}
Event: 61.727 GC heap before
{Heap before GC invocations=16 (full 0):
 garbage-first heap   total reserved 3639296K, committed 61440K, used 49886K [0x0000000721e00000, 0x0000000800000000)
  region size 2048K, 12 young (24576K), 2 survivors (4096K)
 Metaspace       used 62606K, committed 63232K, reserved 1114112K
  class space    used 9283K, committed 9536K, reserved 1048576K
}
Event: 61.735 GC heap after
{Heap after GC invocations=17 (full 0):
 garbage-first heap   total reserved 3639296K, committed 61440K, used 33121K [0x0000000721e00000, 0x0000000800000000)
  region size 2048K, 2 young (4096K), 2 survivors (4096K)
 Metaspace       used 62606K, committed 63232K, reserved 1114112K
  class space    used 9283K, committed 9536K, reserved 1048576K
}
Event: 63.041 GC heap before
{Heap before GC invocations=17 (full 0):
 garbage-first heap   total reserved 3639296K, committed 61440K, used 51553K [0x0000000721e00000, 0x0000000800000000)
  region size 2048K, 11 young (22528K), 2 survivors (4096K)
 Metaspace       used 64461K, committed 65088K, reserved 1114112K
  class space    used 9565K, committed 9856K, reserved 1048576K
}
Event: 63.054 GC heap after
{Heap after GC invocations=18 (full 0):
 garbage-first heap   total reserved 3639296K, committed 61440K, used 33396K [0x0000000721e00000, 0x0000000800000000)
  region size 2048K, 2 young (4096K), 2 survivors (4096K)
 Metaspace       used 64461K, committed 65088K, reserved 1114112K
  class space    used 9565K, committed 9856K, reserved 1048576K
}
Event: 64.798 GC heap before
{Heap before GC invocations=18 (full 0):
 garbage-first heap   total reserved 3639296K, committed 61440K, used 51828K [0x0000000721e00000, 0x0000000800000000)
  region size 2048K, 11 young (22528K), 2 survivors (4096K)
 Metaspace       used 66356K, committed 67072K, reserved 1114112K
  class space    used 9873K, committed 10176K, reserved 1048576K
}
Event: 64.809 GC heap after
{Heap after GC invocations=19 (full 0):
 garbage-first heap   total reserved 3639296K, committed 61440K, used 35999K [0x0000000721e00000, 0x0000000800000000)
  region size 2048K, 2 young (4096K), 2 survivors (4096K)
 Metaspace       used 66356K, committed 67072K, reserved 1114112K
  class space    used 9873K, committed 10176K, reserved 1048576K
}
Event: 66.675 GC heap before
{Heap before GC invocations=20 (full 0):
 garbage-first heap   total reserved 3639296K, committed 61440K, used 52383K [0x0000000721e00000, 0x0000000800000000)
  region size 2048K, 10 young (20480K), 2 survivors (4096K)
 Metaspace       used 68414K, committed 69056K, reserved 1114112K
  class space    used 10193K, committed 10432K, reserved 1048576K
}
Event: 66.685 GC heap after
{Heap after GC invocations=21 (full 0):
 garbage-first heap   total reserved 3639296K, committed 61440K, used 37506K [0x0000000721e00000, 0x0000000800000000)
  region size 2048K, 1 young (2048K), 1 survivors (2048K)
 Metaspace       used 68414K, committed 69056K, reserved 1114112K
  class space    used 10193K, committed 10432K, reserved 1048576K
}
Event: 266.151 GC heap before
{Heap before GC invocations=21 (full 0):
 garbage-first heap   total reserved 3639296K, committed 61440K, used 53890K [0x0000000721e00000, 0x0000000800000000)
  region size 2048K, 9 young (18432K), 1 survivors (2048K)
 Metaspace       used 68530K, committed 69248K, reserved 1114112K
  class space    used 10220K, committed 10560K, reserved 1048576K
}
Event: 266.161 GC heap after
{Heap after GC invocations=22 (full 0):
 garbage-first heap   total reserved 3639296K, committed 61440K, used 36874K [0x0000000721e00000, 0x0000000800000000)
  region size 2048K, 1 young (2048K), 1 survivors (2048K)
 Metaspace       used 68530K, committed 69248K, reserved 1114112K
  class space    used 10220K, committed 10560K, reserved 1048576K
}
Event: 495.240 GC heap before
{Heap before GC invocations=22 (full 0):
 garbage-first heap   total reserved 3639296K, committed 61440K, used 53258K [0x0000000721e00000, 0x0000000800000000)
  region size 2048K, 9 young (18432K), 1 survivors (2048K)
 Metaspace       used 68530K, committed 69248K, reserved 1114112K
  class space    used 10220K, committed 10560K, reserved 1048576K
}
Event: 495.393 GC heap after
{Heap after GC invocations=23 (full 0):
 garbage-first heap   total reserved 3639296K, committed 61440K, used 36645K [0x0000000721e00000, 0x0000000800000000)
  region size 2048K, 1 young (2048K), 1 survivors (2048K)
 Metaspace       used 68530K, committed 69248K, reserved 1114112K
  class space    used 10220K, committed 10560K, reserved 1048576K
}

